<?xml version="1.0" encoding="UTF-8"?>
<testng-results skipped="0" failed="0" ignored="0" total="1" passed="1">
  <reporter-output>
  </reporter-output>
  <suite name="Default suite" duration-ms="73872" started-at="2021-02-27T05:01:12Z" finished-at="2021-02-27T05:02:26Z">
    <groups>
      <group name="smokeTest">
        <method signature="CreateProjectWithTest.createProjectWithTest()[pri:0, instance:com.crm.autodesk.projectTest.CreateProjectWithTest@7c469c48]" name="createProjectWithTest" class="com.crm.autodesk.projectTest.CreateProjectWithTest"/>
      </group> <!-- smokeTest -->
    </groups>
    <test name="Default test" duration-ms="73872" started-at="2021-02-27T05:01:12Z" finished-at="2021-02-27T05:02:26Z">
      <class name="com.crm.autodesk.projectTest.CreateProjectWithTest">
        <test-method status="PASS" signature="configBS()[pri:0, instance:com.crm.autodesk.projectTest.CreateProjectWithTest@7c469c48]" name="configBS" is-config="true" duration-ms="102" started-at="2021-02-27T05:01:12Z" finished-at="2021-02-27T05:01:12Z">
          <reporter-output>
          </reporter-output>
        </test-method> <!-- configBS -->
        <test-method status="PASS" signature="configBT()[pri:0, instance:com.crm.autodesk.projectTest.CreateProjectWithTest@7c469c48]" name="configBT" is-config="true" duration-ms="1" started-at="2021-02-27T05:01:12Z" finished-at="2021-02-27T05:01:12Z">
          <reporter-output>
          </reporter-output>
        </test-method> <!-- configBT -->
        <test-method status="PASS" signature="configBC()[pri:0, instance:com.crm.autodesk.projectTest.CreateProjectWithTest@7c469c48]" name="configBC" is-config="true" duration-ms="19895" started-at="2021-02-27T05:01:12Z" finished-at="2021-02-27T05:01:32Z">
          <reporter-output>
          </reporter-output>
        </test-method> <!-- configBC -->
        <test-method status="PASS" signature="configBM()[pri:0, instance:com.crm.autodesk.projectTest.CreateProjectWithTest@7c469c48]" name="configBM" is-config="true" duration-ms="5585" started-at="2021-02-27T05:01:32Z" finished-at="2021-02-27T05:01:38Z">
          <reporter-output>
          </reporter-output>
        </test-method> <!-- configBM -->
        <test-method status="PASS" signature="createProjectWithTest()[pri:0, instance:com.crm.autodesk.projectTest.CreateProjectWithTest@7c469c48]" name="createProjectWithTest" duration-ms="43791" started-at="2021-02-27T05:01:38Z" finished-at="2021-02-27T05:02:22Z">
          <reporter-output>
          </reporter-output>
        </test-method> <!-- createProjectWithTest -->
        <test-method status="PASS" signature="configAM()[pri:0, instance:com.crm.autodesk.projectTest.CreateProjectWithTest@7c469c48]" name="configAM" is-config="true" duration-ms="2" started-at="2021-02-27T05:02:22Z" finished-at="2021-02-27T05:02:22Z">
          <reporter-output>
          </reporter-output>
        </test-method> <!-- configAM -->
        <test-method status="PASS" signature="configAC()[pri:0, instance:com.crm.autodesk.projectTest.CreateProjectWithTest@7c469c48]" name="configAC" is-config="true" duration-ms="4433" started-at="2021-02-27T05:02:22Z" finished-at="2021-02-27T05:02:26Z">
          <reporter-output>
          </reporter-output>
        </test-method> <!-- configAC -->
        <test-method status="PASS" signature="configAT()[pri:0, instance:com.crm.autodesk.projectTest.CreateProjectWithTest@7c469c48]" name="configAT" is-config="true" duration-ms="0" started-at="2021-02-27T05:02:26Z" finished-at="2021-02-27T05:02:26Z">
          <reporter-output>
          </reporter-output>
        </test-method> <!-- configAT -->
        <test-method status="PASS" signature="configAS()[pri:0, instance:com.crm.autodesk.projectTest.CreateProjectWithTest@7c469c48]" name="configAS" is-config="true" duration-ms="1" started-at="2021-02-27T05:02:27Z" finished-at="2021-02-27T05:02:27Z">
          <reporter-output>
          </reporter-output>
        </test-method> <!-- configAS -->
      </class> <!-- com.crm.autodesk.projectTest.CreateProjectWithTest -->
    </test> <!-- Default test -->
  </suite> <!-- Default suite -->
</testng-results>
